
	            G L O B A L   R E F E R E N C E S

	             Name               Value        Type
	==============================|=======|===============
	CR                               000A         CONSTANT
	FIM_TEXTO                        0040         CONSTANT
	INT_MASK_ADDR                    FFFA         CONSTANT
	INT_MASK                         8A81         CONSTANT
	INT_MASKINI                      0002         CONSTANT
	LEDS                             FFF8         CONSTANT
	INTS                             FFF9         CONSTANT
	IO_READ                          FFFF         CONSTANT
	IO_POS                           FFFC         CONSTANT
	IO_WRITE                         FFFE         CONSTANT
	SP_INICIAL                       E000         CONSTANT
	DSP1                             FFF0         CONSTANT
	DSP2                             FFF1         CONSTANT
	DSP3                             FFF2         CONSTANT
	DSP4                             FFF3         CONSTANT
	Mais                             002B         CONSTANT
	Menos                            002D         CONSTANT
	Traco                            007C         CONSTANT
	Jog2                             0023         CONSTANT
	Jog1                             0058         CONSTANT
	INIText1                         0B21         CONSTANT
	INIText2                         0C1C         CONSTANT
	FIMText1                         0A20         CONSTANT
	FIMText2                         0B1A         CONSTANT
	FIMText3                         0C1B         CONSTANT
	Esquerda                         4005         CONSTANT
	Direita                          4006         CONSTANT
	Cima                             4007         CONSTANT
	Baixo                            4008         CONSTANT
	Temporizador                     FFF6         CONSTANT
	INITemp                          FFF7         CONSTANT
	Nivel1R5                         0064         CONSTANT
	Nivel2R5                         00C8         CONSTANT
	Nivel3R5                         0190         CONSTANT
	Nivel4R5                         0258         CONSTANT
	LCD_PORT                         FFF4         CONSTANT
	LCD                              FFF5         CONSTANT
	VarTexto1                        8000           STRING
	VarTexto2                        8013           STRING
	FimTexto1                        802E           STRING
	FimTexto2                        803F           STRING
	TextoWin1                        805B           STRING
	TextoWin2                        8079           STRING
	Contador                         8097         VARIABLE
	Tempo                            8098         VARIABLE
	ProxPos1                         8099         VARIABLE
	ProxPos2                         809A         VARIABLE
	Vencedor                         809B         VARIABLE
	Pos1                             809C         VARIABLE
	Pos2                             809D         VARIABLE
	PosIni1                          809E         VARIABLE
	PosIni2                          809F         VARIABLE
	Posicoes                         80A0            TABLE
	Mais1                            99A0         VARIABLE
	Mais2                            99A1         VARIABLE
	Mais3                            99A2         VARIABLE
	Mais4                            99A3         VARIABLE
	Menos1                           99A4         VARIABLE
	Menos2                           99A5         VARIABLE
	FMenos1                          99A6         VARIABLE
	FMenos2                          99A7         VARIABLE
	Traco1                           99A8         VARIABLE
	Traco2                           99A9         VARIABLE
	FTraco1                          99AA         VARIABLE
	FTraco2                          99AB         VARIABLE
	Tempo1                           99AC         VARIABLE
	Tempo2                           99AD         VARIABLE
	Tempo3                           99AE         VARIABLE
	Tempo4                           99AF         VARIABLE
	Tempo5                           99B0         VARIABLE
	TempoMax1                        99B1         VARIABLE
	TempoMax2                        99B2         VARIABLE
	TempoMax3                        99B3         VARIABLE
	TempoMax4                        99B4         VARIABLE
	Vit11                            99B5         VARIABLE
	Vit21                            99B6         VARIABLE
	Vit12                            99B7         VARIABLE
	Vit22                            99B8         VARIABLE
	TextLCD1                         99B9           STRING
	TextLCD2                         99C4           STRING
	TextLCD3                         99C9           STRING
	INT0                             FE00         VARIABLE
	INT1                             FE01         VARIABLE
	INT7                             FE07         VARIABLE
	INT9                             FE09         VARIABLE
	INTB                             FE0B         VARIABLE
	INTF                             FE0F         VARIABLE
	Comeca                           0002            LABEL
	Timer                            0004            LABEL
	J2E                              0011            LABEL
	J2D                              0014            LABEL
	J1E                              0017            LABEL
	J1D                              001A            LABEL
	EscMais                          001D            LABEL
	CicloTraco1                      005E            LABEL
	CicloTra1                        0060            LABEL
	CicloTraco2                      0077            LABEL
	CicloTra2                        0079            LABEL
	CicloMenos1                      0090            LABEL
	CicloMe1                         0092            LABEL
	CicloMenos2                      00A9            LABEL
	CicloMe2                         00AB            LABEL
	Jogador1                         00C2            LABEL
	Jogador2                         00D5            LABEL
	EscSTRLCD                        00E8            LABEL
	EscCarL                          014B            LABEL
	EscCarLCD                        0152            LABEL
	CicloL                           0154            LABEL
	FimEscL                          0161            LABEL
	EscCar                           0164            LABEL
	EscString                        016B            LABEL
	Ciclo                            016D            LABEL
	FimEsc                           017A            LABEL
	Inicio                           017D            LABEL
	Ciclo2                           01A3            LABEL
	Jogo                             01A5            LABEL
	LimpaDados                       01C9            LABEL
	Fim                              01D8            LABEL
	EscWin1                          01E4            LABEL
	EscWin2                          01EE            LABEL
	ContFim                          01F8            LABEL
	ActTemp                          0218            LABEL
	ContEsc                          0240            LABEL
	Leds2                            0280            LABEL
	Leds1                            028C            LABEL
	Apaga                            02D1            LABEL
	Apg                              02D9            LABEL
	LeTam                            02E7            LABEL
	Tam1                             02FB            LABEL
	Tam2                             0335            LABEL
	Tam3                             036F            LABEL
	Tam4                             03A9            LABEL
	FimTam                           03E3            LABEL
	LeNivel                          03E6            LABEL
	ModN1                            03FE            LABEL
	ModN2                            0408            LABEL
	ModN3                            0412            LABEL
	ModN4                            041C            LABEL
	FimNivel                         0426            LABEL
	JogoComeca                       0429            LABEL
	CicloTimer                       043D            LABEL
	CT                               043F            LABEL
	Movimentos1                      0448            LABEL
	Movimentos2                      0450            LABEL
	ContinuaM                        0458            LABEL
	FimMovimentos                    045A            LABEL
	LePausa                          045C            LABEL
	CicloP                           045E            LABEL
	FimPausa                         0465            LABEL
	EscDSP                           0468            LABEL
	MudaTempos                       047B            LABEL
	IncTemp4                         0483            LABEL
	IncTemp3                         0490            LABEL
	IncTemp2                         049D            LABEL
	IncTemp1                         04AA            LABEL
	Embater1                         04B2            LABEL
	Embater2                         04C0            LABEL
	Win1                             04CE            LABEL
	IncVit11                         04DD            LABEL
	Win2                             04E7            LABEL
	IncVit21                         04F6            LABEL
	MovJog1                          0500            LABEL
	MovJog2                          0510            LABEL
	MJ1C                             0520            LABEL
	MJ1B                             0537            LABEL
	MJ1E                             054E            LABEL
	MJ1D                             0564            LABEL
	MJ2C                             057A            LABEL
	MJ2B                             0591            LABEL
	MJ2E                             05A8            LABEL
	MJ2D                             05BE            LABEL
	VerificaNivel                    05D4            LABEL
	Nivel1                           05E9            LABEL
	Nivel2                           05F3            LABEL
	Nivel3                           05FE            LABEL
	Nivel4                           0609            LABEL
	Nivel5                           0614            LABEL
	EsqJog1                          061F            LABEL
	DirJog1                          0638            LABEL
	EsqJog2                          0651            LABEL
	DirJog2                          066A            LABEL
	Jog1Esq                          0683            LABEL
	Jog1Dir                          068A            LABEL
	Jog1Cima                         0691            LABEL
	Jog1Baixo                        0698            LABEL
	Jog2Esq                          069F            LABEL
	Jog2Dir                          06A6            LABEL
	Jog2Cima                         06AD            LABEL
	Jog2Baixo                        06B4            LABEL
